Setting up train dataset (episodes 0 to 89)
Loading dataset from: ./data2
Filtering episodes: start=0, end=90
  Processing task: block_hammer_beat_D435
    Found 90 episodes in range for task 'block_hammer_beat_D435'.
      Episode episode0 has 133 frames
      Episode episode1 has 145 frames
      Episode episode2 has 144 frames
      Episode episode3 has 148 frames
      Episode episode4 has 135 frames
      Episode episode5 has 147 frames
      Episode episode6 has 137 frames
      Episode episode7 has 146 frames
      Episode episode8 has 135 frames
      Episode episode9 has 149 frames
      Episode episode10 has 137 frames
      Episode episode11 has 150 frames
      Episode episode12 has 144 frames
      Episode episode13 has 133 frames
      Episode episode14 has 130 frames
      Episode episode15 has 136 frames
      Episode episode16 has 143 frames
      Episode episode17 has 139 frames
      Episode episode18 has 126 frames
      Episode episode19 has 149 frames
      Episode episode20 has 139 frames
      Episode episode21 has 149 frames
      Episode episode22 has 143 frames
      Episode episode23 has 145 frames
      Episode episode24 has 134 frames
      Episode episode25 has 131 frames
      Episode episode26 has 138 frames
      Episode episode27 has 136 frames
      Episode episode28 has 129 frames
      Episode episode29 has 135 frames
      Episode episode30 has 123 frames
      Episode episode31 has 156 frames
      Episode episode32 has 135 frames
      Episode episode33 has 145 frames
      Episode episode34 has 149 frames
      Episode episode35 has 124 frames
      Episode episode36 has 129 frames
      Episode episode37 has 135 frames
      Episode episode38 has 193 frames
      Episode episode39 has 136 frames
      Episode episode40 has 129 frames
      Episode episode41 has 147 frames
      Episode episode42 has 146 frames
      Episode episode43 has 136 frames
      Episode episode44 has 137 frames
      Episode episode45 has 129 frames
      Episode episode46 has 150 frames
      Episode episode47 has 152 frames
      Episode episode48 has 141 frames
      Episode episode49 has 151 frames
      Episode episode50 has 133 frames
      Episode episode51 has 138 frames
      Episode episode52 has 132 frames
      Episode episode53 has 130 frames
      Episode episode54 has 150 frames
      Episode episode55 has 139 frames
      Episode episode56 has 150 frames
      Episode episode57 has 137 frames
      Episode episode58 has 139 frames
      Episode episode59 has 143 frames
      Episode episode60 has 135 frames
      Episode episode61 has 148 frames
      Episode episode62 has 141 frames
      Episode episode63 has 137 frames
      Episode episode64 has 149 frames
      Episode episode65 has 149 frames
      Episode episode66 has 149 frames
      Episode episode67 has 147 frames
      Episode episode68 has 144 frames
      Episode episode69 has 133 frames
      Episode episode70 has 145 frames
      Episode episode71 has 145 frames
      Episode episode72 has 126 frames
      Episode episode73 has 145 frames
      Episode episode74 has 146 frames
      Episode episode75 has 145 frames
      Episode episode76 has 134 frames
      Episode episode77 has 151 frames
      Episode episode78 has 132 frames
      Episode episode79 has 144 frames
      Episode episode80 has 137 frames
      Episode episode81 has 140 frames
      Episode episode82 has 143 frames
      Episode episode83 has 149 frames
      Episode episode84 has 124 frames
      Episode episode85 has 146 frames
      Episode episode86 has 126 frames
      Episode episode87 has 144 frames
      Episode episode88 has 150 frames
      Episode episode89 has 144 frames
    Found 90 episodes, 8167 valid starting frames.
  Processing task: block_handover_D435
    Found 90 episodes in range for task 'block_handover_D435'.
      Episode episode0 has 261 frames
      Episode episode1 has 258 frames
      Episode episode2 has 257 frames
      Episode episode3 has 260 frames
      Episode episode4 has 265 frames
      Episode episode5 has 258 frames
      Episode episode6 has 264 frames
      Episode episode7 has 252 frames
      Episode episode8 has 266 frames
      Episode episode9 has 249 frames
      Episode episode10 has 257 frames
      Episode episode11 has 248 frames
      Episode episode12 has 253 frames
      Episode episode13 has 263 frames
      Episode episode14 has 259 frames
      Episode episode15 has 261 frames
      Episode episode16 has 255 frames
      Episode episode17 has 256 frames
      Episode episode18 has 259 frames
      Episode episode19 has 256 frames
      Episode episode20 has 261 frames
      Episode episode21 has 248 frames
      Episode episode22 has 255 frames
      Episode episode23 has 262 frames
      Episode episode24 has 264 frames
      Episode episode25 has 263 frames
      Episode episode26 has 254 frames
      Episode episode27 has 260 frames
      Episode episode28 has 265 frames
      Episode episode29 has 262 frames
      Episode episode30 has 261 frames
      Episode episode31 has 257 frames
      Episode episode32 has 262 frames
      Episode episode33 has 254 frames
      Episode episode34 has 252 frames
      Episode episode35 has 256 frames
      Episode episode36 has 264 frames
      Episode episode37 has 267 frames
      Episode episode38 has 260 frames
      Episode episode39 has 262 frames
      Episode episode40 has 252 frames
      Episode episode41 has 250 frames
      Episode episode42 has 260 frames
      Episode episode43 has 250 frames
      Episode episode44 has 258 frames
      Episode episode45 has 265 frames
      Episode episode46 has 262 frames
      Episode episode47 has 254 frames
      Episode episode48 has 253 frames
      Episode episode49 has 253 frames
      Episode episode50 has 258 frames
      Episode episode51 has 253 frames
      Episode episode52 has 265 frames
      Episode episode53 has 256 frames
      Episode episode54 has 257 frames
      Episode episode55 has 261 frames
      Episode episode56 has 249 frames
      Episode episode57 has 252 frames
      Episode episode58 has 262 frames
      Episode episode59 has 245 frames
      Episode episode60 has 262 frames
      Episode episode61 has 252 frames
      Episode episode62 has 256 frames
      Episode episode63 has 259 frames
      Episode episode64 has 248 frames
      Episode episode65 has 245 frames
      Episode episode66 has 261 frames
      Episode episode67 has 251 frames
      Episode episode68 has 265 frames
      Episode episode69 has 245 frames
      Episode episode70 has 252 frames
      Episode episode71 has 262 frames
      Episode episode72 has 254 frames
      Episode episode73 has 255 frames
      Episode episode74 has 259 frames
      Episode episode75 has 261 frames
      Episode episode76 has 251 frames
      Episode episode77 has 256 frames
      Episode episode78 has 262 frames
      Episode episode79 has 250 frames
      Episode episode80 has 253 frames
      Episode episode81 has 253 frames
      Episode episode82 has 252 frames
      Episode episode83 has 260 frames
      Episode episode84 has 250 frames
      Episode episode85 has 263 frames
      Episode episode86 has 261 frames
      Episode episode87 has 259 frames
      Episode episode88 has 248 frames
      Episode episode89 has 252 frames
    Found 90 episodes, 18618 valid starting frames.
  Processing task: blocks_stack_easy_D435
    Found 90 episodes in range for task 'blocks_stack_easy_D435'.
      Episode episode0 has 248 frames
      Episode episode1 has 284 frames
      Episode episode2 has 288 frames
      Episode episode3 has 283 frames
      Episode episode4 has 264 frames
      Episode episode5 has 286 frames
      Episode episode6 has 270 frames
      Episode episode7 has 291 frames
      Episode episode8 has 295 frames
      Episode episode9 has 280 frames
      Episode episode10 has 275 frames
      Episode episode11 has 264 frames
      Episode episode12 has 291 frames
      Episode episode13 has 273 frames
      Episode episode14 has 282 frames
      Episode episode15 has 272 frames
      Episode episode16 has 285 frames
      Episode episode17 has 278 frames
      Episode episode18 has 279 frames
      Episode episode19 has 286 frames
      Episode episode20 has 281 frames
      Episode episode21 has 285 frames
      Episode episode22 has 285 frames
      Episode episode23 has 291 frames
      Episode episode24 has 273 frames
      Episode episode25 has 271 frames
      Episode episode26 has 281 frames
      Episode episode27 has 290 frames
      Episode episode28 has 298 frames
      Episode episode29 has 250 frames
      Episode episode30 has 260 frames
      Episode episode31 has 286 frames
      Episode episode32 has 274 frames
      Episode episode33 has 286 frames
      Episode episode34 has 280 frames
      Episode episode35 has 273 frames
      Episode episode36 has 280 frames
      Episode episode37 has 275 frames
      Episode episode38 has 288 frames
      Episode episode39 has 267 frames
      Episode episode40 has 284 frames
      Episode episode41 has 278 frames
      Episode episode42 has 284 frames
      Episode episode43 has 275 frames
      Episode episode44 has 270 frames
      Episode episode45 has 280 frames
      Episode episode46 has 282 frames
      Episode episode47 has 293 frames
      Episode episode48 has 278 frames
      Episode episode49 has 283 frames
      Episode episode50 has 282 frames
      Episode episode51 has 268 frames
      Episode episode52 has 274 frames
      Episode episode53 has 281 frames
      Episode episode54 has 294 frames
      Episode episode55 has 256 frames
      Episode episode56 has 283 frames
      Episode episode57 has 269 frames
      Episode episode58 has 262 frames
      Episode episode59 has 266 frames
      Episode episode60 has 260 frames
      Episode episode61 has 281 frames
      Episode episode62 has 275 frames
      Episode episode63 has 289 frames
      Episode episode64 has 263 frames
      Episode episode65 has 275 frames
      Episode episode66 has 272 frames
      Episode episode67 has 255 frames
      Episode episode68 has 289 frames
      Episode episode69 has 280 frames
      Episode episode70 has 288 frames
      Episode episode71 has 292 frames
      Episode episode72 has 293 frames
      Episode episode73 has 287 frames
      Episode episode74 has 248 frames
      Episode episode75 has 269 frames
      Episode episode76 has 286 frames
      Episode episode77 has 268 frames
      Episode episode78 has 254 frames
      Episode episode79 has 283 frames
      Episode episode80 has 276 frames
      Episode episode81 has 261 frames
      Episode episode82 has 278 frames
      Episode episode83 has 264 frames
      Episode episode84 has 268 frames
      Episode episode85 has 266 frames
      Episode episode86 has 288 frames
      Episode episode87 has 287 frames
      Episode episode88 has 285 frames
      Episode episode89 has 281 frames
    Found 90 episodes, 20451 valid starting frames.
Dataset loaded. Total valid starting frames (length): 47236
Setting up validation dataset (episodes 90 to end/max)
Loading dataset from: ./data2
Filtering episodes: start=90, end=100
  Processing task: block_hammer_beat_D435
    Found 10 episodes in range for task 'block_hammer_beat_D435'.
      Episode episode90 has 132 frames
      Episode episode91 has 132 frames
      Episode episode92 has 130 frames
      Episode episode93 has 146 frames
      Episode episode94 has 150 frames
      Episode episode95 has 136 frames
      Episode episode96 has 129 frames
      Episode episode97 has 128 frames
      Episode episode98 has 134 frames
      Episode episode99 has 150 frames
    Found 10 episodes, 867 valid starting frames.
  Processing task: block_handover_D435
    Found 10 episodes in range for task 'block_handover_D435'.
      Episode episode90 has 265 frames
      Episode episode91 has 263 frames
      Episode episode92 has 266 frames
      Episode episode93 has 251 frames
      Episode episode94 has 254 frames
      Episode episode95 has 265 frames
      Episode episode96 has 266 frames
      Episode episode97 has 259 frames
      Episode episode98 has 257 frames
      Episode episode99 has 262 frames
    Found 10 episodes, 2108 valid starting frames.
  Processing task: blocks_stack_easy_D435
    Found 10 episodes in range for task 'blocks_stack_easy_D435'.
      Episode episode90 has 275 frames
      Episode episode91 has 273 frames
      Episode episode92 has 279 frames
      Episode episode93 has 274 frames
      Episode episode94 has 287 frames
      Episode episode95 has 272 frames
      Episode episode96 has 267 frames
      Episode episode97 has 291 frames
      Episode episode98 has 265 frames
      Episode episode99 has 264 frames
    Found 10 episodes, 2247 valid starting frames.
Dataset loaded. Total valid starting frames (length): 5222
Train dataset size: 47236
Validation dataset size: 5222
Setting up train dataset (episodes 0 to 89)
Loading dataset from: ./data2
Filtering episodes: start=0, end=90
  Processing task: block_hammer_beat_D435
    Found 90 episodes in range for task 'block_hammer_beat_D435'.
      Episode episode0 has 133 frames
      Episode episode1 has 145 frames
      Episode episode2 has 144 frames
      Episode episode3 has 148 frames
      Episode episode4 has 135 frames
      Episode episode5 has 147 frames
      Episode episode6 has 137 frames
      Episode episode7 has 146 frames
      Episode episode8 has 135 frames
      Episode episode9 has 149 frames
      Episode episode10 has 137 frames
      Episode episode11 has 150 frames
      Episode episode12 has 144 frames
      Episode episode13 has 133 frames
      Episode episode14 has 130 frames
      Episode episode15 has 136 frames
      Episode episode16 has 143 frames
      Episode episode17 has 139 frames
      Episode episode18 has 126 frames
      Episode episode19 has 149 frames
      Episode episode20 has 139 frames
      Episode episode21 has 149 frames
      Episode episode22 has 143 frames
      Episode episode23 has 145 frames
      Episode episode24 has 134 frames
      Episode episode25 has 131 frames
      Episode episode26 has 138 frames
      Episode episode27 has 136 frames
      Episode episode28 has 129 frames
      Episode episode29 has 135 frames
      Episode episode30 has 123 frames
      Episode episode31 has 156 frames
      Episode episode32 has 135 frames
      Episode episode33 has 145 frames
      Episode episode34 has 149 frames
      Episode episode35 has 124 frames
      Episode episode36 has 129 frames
      Episode episode37 has 135 frames
      Episode episode38 has 193 frames
      Episode episode39 has 136 frames
      Episode episode40 has 129 frames
      Episode episode41 has 147 frames
      Episode episode42 has 146 frames
      Episode episode43 has 136 frames
      Episode episode44 has 137 frames
      Episode episode45 has 129 frames
      Episode episode46 has 150 frames
      Episode episode47 has 152 frames
      Episode episode48 has 141 frames
      Episode episode49 has 151 frames
      Episode episode50 has 133 frames
      Episode episode51 has 138 frames
      Episode episode52 has 132 frames
      Episode episode53 has 130 frames
      Episode episode54 has 150 frames
      Episode episode55 has 139 frames
      Episode episode56 has 150 frames
      Episode episode57 has 137 frames
      Episode episode58 has 139 frames
      Episode episode59 has 143 frames
      Episode episode60 has 135 frames
      Episode episode61 has 148 frames
      Episode episode62 has 141 frames
      Episode episode63 has 137 frames
      Episode episode64 has 149 frames
      Episode episode65 has 149 frames
      Episode episode66 has 149 frames
      Episode episode67 has 147 frames
      Episode episode68 has 144 frames
      Episode episode69 has 133 frames
      Episode episode70 has 145 frames
      Episode episode71 has 145 frames
      Episode episode72 has 126 frames
      Episode episode73 has 145 frames
      Episode episode74 has 146 frames
      Episode episode75 has 145 frames
      Episode episode76 has 134 frames
      Episode episode77 has 151 frames
      Episode episode78 has 132 frames
      Episode episode79 has 144 frames
      Episode episode80 has 137 frames
      Episode episode81 has 140 frames
      Episode episode82 has 143 frames
      Episode episode83 has 149 frames
      Episode episode84 has 124 frames
      Episode episode85 has 146 frames
      Episode episode86 has 126 frames
      Episode episode87 has 144 frames
      Episode episode88 has 150 frames
      Episode episode89 has 144 frames
    Found 90 episodes, 8167 valid starting frames.
  Processing task: block_handover_D435
    Found 90 episodes in range for task 'block_handover_D435'.
      Episode episode0 has 261 frames
      Episode episode1 has 258 frames
      Episode episode2 has 257 frames
      Episode episode3 has 260 frames
      Episode episode4 has 265 frames
      Episode episode5 has 258 frames
      Episode episode6 has 264 frames
      Episode episode7 has 252 frames
      Episode episode8 has 266 frames
      Episode episode9 has 249 frames
      Episode episode10 has 257 frames
      Episode episode11 has 248 frames
      Episode episode12 has 253 frames
      Episode episode13 has 263 frames
      Episode episode14 has 259 frames
      Episode episode15 has 261 frames
      Episode episode16 has 255 frames
      Episode episode17 has 256 frames
      Episode episode18 has 259 frames
      Episode episode19 has 256 frames
      Episode episode20 has 261 frames
      Episode episode21 has 248 frames
      Episode episode22 has 255 frames
      Episode episode23 has 262 frames
      Episode episode24 has 264 frames
      Episode episode25 has 263 frames
      Episode episode26 has 254 frames
      Episode episode27 has 260 frames
      Episode episode28 has 265 frames
      Episode episode29 has 262 frames
      Episode episode30 has 261 frames
      Episode episode31 has 257 frames
      Episode episode32 has 262 frames
      Episode episode33 has 254 frames
      Episode episode34 has 252 frames
      Episode episode35 has 256 frames
      Episode episode36 has 264 frames
      Episode episode37 has 267 frames
      Episode episode38 has 260 frames
      Episode episode39 has 262 frames
      Episode episode40 has 252 frames
      Episode episode41 has 250 frames
      Episode episode42 has 260 frames
      Episode episode43 has 250 frames
      Episode episode44 has 258 frames
      Episode episode45 has 265 frames
      Episode episode46 has 262 frames
      Episode episode47 has 254 frames
      Episode episode48 has 253 frames
      Episode episode49 has 253 frames
      Episode episode50 has 258 frames
      Episode episode51 has 253 frames
      Episode episode52 has 265 frames
      Episode episode53 has 256 frames
      Episode episode54 has 257 frames
      Episode episode55 has 261 frames
      Episode episode56 has 249 frames
      Episode episode57 has 252 frames
      Episode episode58 has 262 frames
      Episode episode59 has 245 frames
      Episode episode60 has 262 frames
      Episode episode61 has 252 frames
      Episode episode62 has 256 frames
      Episode episode63 has 259 frames
      Episode episode64 has 248 frames
      Episode episode65 has 245 frames
      Episode episode66 has 261 frames
      Episode episode67 has 251 frames
      Episode episode68 has 265 frames
      Episode episode69 has 245 frames
      Episode episode70 has 252 frames
      Episode episode71 has 262 frames
      Episode episode72 has 254 frames
      Episode episode73 has 255 frames
      Episode episode74 has 259 frames
      Episode episode75 has 261 frames
      Episode episode76 has 251 frames
      Episode episode77 has 256 frames
      Episode episode78 has 262 frames
      Episode episode79 has 250 frames
      Episode episode80 has 253 frames
      Episode episode81 has 253 frames
      Episode episode82 has 252 frames
      Episode episode83 has 260 frames
      Episode episode84 has 250 frames
      Episode episode85 has 263 frames
      Episode episode86 has 261 frames
      Episode episode87 has 259 frames
      Episode episode88 has 248 frames
      Episode episode89 has 252 frames
    Found 90 episodes, 18618 valid starting frames.
  Processing task: blocks_stack_easy_D435
    Found 90 episodes in range for task 'blocks_stack_easy_D435'.
      Episode episode0 has 248 frames
      Episode episode1 has 284 frames
      Episode episode2 has 288 frames
      Episode episode3 has 283 frames
      Episode episode4 has 264 frames
      Episode episode5 has 286 frames
      Episode episode6 has 270 frames
      Episode episode7 has 291 frames
      Episode episode8 has 295 frames
      Episode episode9 has 280 frames
      Episode episode10 has 275 frames
      Episode episode11 has 264 frames
      Episode episode12 has 291 frames
      Episode episode13 has 273 frames
      Episode episode14 has 282 frames
      Episode episode15 has 272 frames
      Episode episode16 has 285 frames
      Episode episode17 has 278 frames
      Episode episode18 has 279 frames
      Episode episode19 has 286 frames
      Episode episode20 has 281 frames
      Episode episode21 has 285 frames
      Episode episode22 has 285 frames
      Episode episode23 has 291 frames
      Episode episode24 has 273 frames
      Episode episode25 has 271 frames
      Episode episode26 has 281 frames
      Episode episode27 has 290 frames
      Episode episode28 has 298 frames
      Episode episode29 has 250 frames
      Episode episode30 has 260 frames
      Episode episode31 has 286 frames
      Episode episode32 has 274 frames
      Episode episode33 has 286 frames
      Episode episode34 has 280 frames
      Episode episode35 has 273 frames
      Episode episode36 has 280 frames
      Episode episode37 has 275 frames
      Episode episode38 has 288 frames
      Episode episode39 has 267 frames
      Episode episode40 has 284 frames
      Episode episode41 has 278 frames
      Episode episode42 has 284 frames
      Episode episode43 has 275 frames
      Episode episode44 has 270 frames
      Episode episode45 has 280 frames
      Episode episode46 has 282 frames
      Episode episode47 has 293 frames
      Episode episode48 has 278 frames
      Episode episode49 has 283 frames
      Episode episode50 has 282 frames
      Episode episode51 has 268 frames
      Episode episode52 has 274 frames
      Episode episode53 has 281 frames
      Episode episode54 has 294 frames
      Episode episode55 has 256 frames
      Episode episode56 has 283 frames
      Episode episode57 has 269 frames
      Episode episode58 has 262 frames
      Episode episode59 has 266 frames
      Episode episode60 has 260 frames
      Episode episode61 has 281 frames
      Episode episode62 has 275 frames
      Episode episode63 has 289 frames
      Episode episode64 has 263 frames
      Episode episode65 has 275 frames
      Episode episode66 has 272 frames
      Episode episode67 has 255 frames
      Episode episode68 has 289 frames
      Episode episode69 has 280 frames
      Episode episode70 has 288 frames
      Episode episode71 has 292 frames
      Episode episode72 has 293 frames
      Episode episode73 has 287 frames
      Episode episode74 has 248 frames
      Episode episode75 has 269 frames
      Episode episode76 has 286 frames
      Episode episode77 has 268 frames
      Episode episode78 has 254 frames
      Episode episode79 has 283 frames
      Episode episode80 has 276 frames
      Episode episode81 has 261 frames
      Episode episode82 has 278 frames
      Episode episode83 has 264 frames
      Episode episode84 has 268 frames
      Episode episode85 has 266 frames
      Episode episode86 has 288 frames
      Episode episode87 has 287 frames
      Episode episode88 has 285 frames
      Episode episode89 has 281 frames
    Found 90 episodes, 20451 valid starting frames.
Dataset loaded. Total valid starting frames (length): 47236
Setting up validation dataset (episodes 90 to end/max)
Loading dataset from: ./data2
Filtering episodes: start=90, end=100
  Processing task: block_hammer_beat_D435
    Found 10 episodes in range for task 'block_hammer_beat_D435'.
      Episode episode90 has 132 frames
      Episode episode91 has 132 frames
      Episode episode92 has 130 frames
      Episode episode93 has 146 frames
      Episode episode94 has 150 frames
      Episode episode95 has 136 frames
      Episode episode96 has 129 frames
      Episode episode97 has 128 frames
      Episode episode98 has 134 frames
      Episode episode99 has 150 frames
    Found 10 episodes, 867 valid starting frames.
  Processing task: block_handover_D435
    Found 10 episodes in range for task 'block_handover_D435'.
      Episode episode90 has 265 frames
      Episode episode91 has 263 frames
      Episode episode92 has 266 frames
      Episode episode93 has 251 frames
      Episode episode94 has 254 frames
      Episode episode95 has 265 frames
      Episode episode96 has 266 frames
      Episode episode97 has 259 frames
      Episode episode98 has 257 frames
      Episode episode99 has 262 frames
    Found 10 episodes, 2108 valid starting frames.
  Processing task: blocks_stack_easy_D435
    Found 10 episodes in range for task 'blocks_stack_easy_D435'.
      Episode episode90 has 275 frames
      Episode episode91 has 273 frames
      Episode episode92 has 279 frames
      Episode episode93 has 274 frames
      Episode episode94 has 287 frames
      Episode episode95 has 272 frames
      Episode episode96 has 267 frames
      Episode episode97 has 291 frames
      Episode episode98 has 265 frames
      Episode episode99 has 264 frames
    Found 10 episodes, 2247 valid starting frames.
Dataset loaded. Total valid starting frames (length): 5222
Train dataset size: 47236
Validation dataset size: 5222
Setting up train dataset (episodes 0 to 89)
Loading dataset from: ./data2
Filtering episodes: start=0, end=90
  Processing task: block_hammer_beat_D435
    Found 90 episodes in range for task 'block_hammer_beat_D435'.
      Episode episode0 has 133 frames
      Episode episode1 has 145 frames
      Episode episode2 has 144 frames
      Episode episode3 has 148 frames
      Episode episode4 has 135 frames
      Episode episode5 has 147 frames
      Episode episode6 has 137 frames
      Episode episode7 has 146 frames
      Episode episode8 has 135 frames
      Episode episode9 has 149 frames
      Episode episode10 has 137 frames
      Episode episode11 has 150 frames
      Episode episode12 has 144 frames
      Episode episode13 has 133 frames
      Episode episode14 has 130 frames
      Episode episode15 has 136 frames
      Episode episode16 has 143 frames
      Episode episode17 has 139 frames
      Episode episode18 has 126 frames
      Episode episode19 has 149 frames
      Episode episode20 has 139 frames
      Episode episode21 has 149 frames
      Episode episode22 has 143 frames
      Episode episode23 has 145 frames
      Episode episode24 has 134 frames
      Episode episode25 has 131 frames
      Episode episode26 has 138 frames
      Episode episode27 has 136 frames
      Episode episode28 has 129 frames
      Episode episode29 has 135 frames
      Episode episode30 has 123 frames
      Episode episode31 has 156 frames
      Episode episode32 has 135 frames
      Episode episode33 has 145 frames
      Episode episode34 has 149 frames
      Episode episode35 has 124 frames
      Episode episode36 has 129 frames
      Episode episode37 has 135 frames
      Episode episode38 has 193 frames
      Episode episode39 has 136 frames
      Episode episode40 has 129 frames
      Episode episode41 has 147 frames
      Episode episode42 has 146 frames
      Episode episode43 has 136 frames
      Episode episode44 has 137 frames
      Episode episode45 has 129 frames
      Episode episode46 has 150 frames
      Episode episode47 has 152 frames
      Episode episode48 has 141 frames
      Episode episode49 has 151 frames
      Episode episode50 has 133 frames
      Episode episode51 has 138 frames
      Episode episode52 has 132 frames
      Episode episode53 has 130 frames
      Episode episode54 has 150 frames
      Episode episode55 has 139 frames
      Episode episode56 has 150 frames
      Episode episode57 has 137 frames
      Episode episode58 has 139 frames
      Episode episode59 has 143 frames
      Episode episode60 has 135 frames
      Episode episode61 has 148 frames
      Episode episode62 has 141 frames
      Episode episode63 has 137 frames
      Episode episode64 has 149 frames
      Episode episode65 has 149 frames
      Episode episode66 has 149 frames
      Episode episode67 has 147 frames
      Episode episode68 has 144 frames
      Episode episode69 has 133 frames
      Episode episode70 has 145 frames
      Episode episode71 has 145 frames
      Episode episode72 has 126 frames
      Episode episode73 has 145 frames
      Episode episode74 has 146 frames
      Episode episode75 has 145 frames
      Episode episode76 has 134 frames
      Episode episode77 has 151 frames
      Episode episode78 has 132 frames
      Episode episode79 has 144 frames
      Episode episode80 has 137 frames
      Episode episode81 has 140 frames
      Episode episode82 has 143 frames
      Episode episode83 has 149 frames
      Episode episode84 has 124 frames
      Episode episode85 has 146 frames
      Episode episode86 has 126 frames
      Episode episode87 has 144 frames
      Episode episode88 has 150 frames
      Episode episode89 has 144 frames
    Found 90 episodes, 8167 valid starting frames.
  Processing task: block_handover_D435
    Found 90 episodes in range for task 'block_handover_D435'.
      Episode episode0 has 261 frames
      Episode episode1 has 258 frames
      Episode episode2 has 257 frames
      Episode episode3 has 260 frames
      Episode episode4 has 265 frames
      Episode episode5 has 258 frames
      Episode episode6 has 264 frames
      Episode episode7 has 252 frames
      Episode episode8 has 266 frames
      Episode episode9 has 249 frames
      Episode episode10 has 257 frames
      Episode episode11 has 248 frames
      Episode episode12 has 253 frames
      Episode episode13 has 263 frames
      Episode episode14 has 259 frames
      Episode episode15 has 261 frames
      Episode episode16 has 255 frames
      Episode episode17 has 256 frames
      Episode episode18 has 259 frames
      Episode episode19 has 256 frames
      Episode episode20 has 261 frames
      Episode episode21 has 248 frames
      Episode episode22 has 255 frames
      Episode episode23 has 262 frames
      Episode episode24 has 264 frames
      Episode episode25 has 263 frames
      Episode episode26 has 254 frames
      Episode episode27 has 260 frames
      Episode episode28 has 265 frames
      Episode episode29 has 262 frames
      Episode episode30 has 261 frames
      Episode episode31 has 257 frames
      Episode episode32 has 262 frames
      Episode episode33 has 254 frames
      Episode episode34 has 252 frames
      Episode episode35 has 256 frames
      Episode episode36 has 264 frames
      Episode episode37 has 267 frames
      Episode episode38 has 260 frames
      Episode episode39 has 262 frames
      Episode episode40 has 252 frames
      Episode episode41 has 250 frames
      Episode episode42 has 260 frames
      Episode episode43 has 250 frames
      Episode episode44 has 258 frames
      Episode episode45 has 265 frames
      Episode episode46 has 262 frames
      Episode episode47 has 254 frames
      Episode episode48 has 253 frames
      Episode episode49 has 253 frames
      Episode episode50 has 258 frames
      Episode episode51 has 253 frames
      Episode episode52 has 265 frames
      Episode episode53 has 256 frames
      Episode episode54 has 257 frames
      Episode episode55 has 261 frames
      Episode episode56 has 249 frames
      Episode episode57 has 252 frames
      Episode episode58 has 262 frames
      Episode episode59 has 245 frames
      Episode episode60 has 262 frames
      Episode episode61 has 252 frames
      Episode episode62 has 256 frames
      Episode episode63 has 259 frames
      Episode episode64 has 248 frames
      Episode episode65 has 245 frames
      Episode episode66 has 261 frames
      Episode episode67 has 251 frames
      Episode episode68 has 265 frames
      Episode episode69 has 245 frames
      Episode episode70 has 252 frames
      Episode episode71 has 262 frames
      Episode episode72 has 254 frames
      Episode episode73 has 255 frames
      Episode episode74 has 259 frames
      Episode episode75 has 261 frames
      Episode episode76 has 251 frames
      Episode episode77 has 256 frames
      Episode episode78 has 262 frames
      Episode episode79 has 250 frames
      Episode episode80 has 253 frames
      Episode episode81 has 253 frames
      Episode episode82 has 252 frames
      Episode episode83 has 260 frames
      Episode episode84 has 250 frames
      Episode episode85 has 263 frames
      Episode episode86 has 261 frames
      Episode episode87 has 259 frames
      Episode episode88 has 248 frames
      Episode episode89 has 252 frames
    Found 90 episodes, 18618 valid starting frames.
  Processing task: blocks_stack_easy_D435
    Found 90 episodes in range for task 'blocks_stack_easy_D435'.
      Episode episode0 has 248 frames
      Episode episode1 has 284 frames
      Episode episode2 has 288 frames
      Episode episode3 has 283 frames
      Episode episode4 has 264 frames
      Episode episode5 has 286 frames
      Episode episode6 has 270 frames
      Episode episode7 has 291 frames
      Episode episode8 has 295 frames
      Episode episode9 has 280 frames
      Episode episode10 has 275 frames
      Episode episode11 has 264 frames
      Episode episode12 has 291 frames
      Episode episode13 has 273 frames
      Episode episode14 has 282 frames
      Episode episode15 has 272 frames
      Episode episode16 has 285 frames
      Episode episode17 has 278 frames
      Episode episode18 has 279 frames
      Episode episode19 has 286 frames
      Episode episode20 has 281 frames
      Episode episode21 has 285 frames
      Episode episode22 has 285 frames
      Episode episode23 has 291 frames
      Episode episode24 has 273 frames
      Episode episode25 has 271 frames
      Episode episode26 has 281 frames
      Episode episode27 has 290 frames
      Episode episode28 has 298 frames
      Episode episode29 has 250 frames
      Episode episode30 has 260 frames
      Episode episode31 has 286 frames
      Episode episode32 has 274 frames
      Episode episode33 has 286 frames
      Episode episode34 has 280 frames
      Episode episode35 has 273 frames
      Episode episode36 has 280 frames
      Episode episode37 has 275 frames
      Episode episode38 has 288 frames
      Episode episode39 has 267 frames
      Episode episode40 has 284 frames
      Episode episode41 has 278 frames
      Episode episode42 has 284 frames
      Episode episode43 has 275 frames
      Episode episode44 has 270 frames
      Episode episode45 has 280 frames
      Episode episode46 has 282 frames
      Episode episode47 has 293 frames
      Episode episode48 has 278 frames
      Episode episode49 has 283 frames
      Episode episode50 has 282 frames
      Episode episode51 has 268 frames
      Episode episode52 has 274 frames
      Episode episode53 has 281 frames
      Episode episode54 has 294 frames
      Episode episode55 has 256 frames
      Episode episode56 has 283 frames
      Episode episode57 has 269 frames
      Episode episode58 has 262 frames
      Episode episode59 has 266 frames
      Episode episode60 has 260 frames
      Episode episode61 has 281 frames
      Episode episode62 has 275 frames
      Episode episode63 has 289 frames
      Episode episode64 has 263 frames
      Episode episode65 has 275 frames
      Episode episode66 has 272 frames
      Episode episode67 has 255 frames
      Episode episode68 has 289 frames
      Episode episode69 has 280 frames
      Episode episode70 has 288 frames
      Episode episode71 has 292 frames
      Episode episode72 has 293 frames
      Episode episode73 has 287 frames
      Episode episode74 has 248 frames
      Episode episode75 has 269 frames
      Episode episode76 has 286 frames
      Episode episode77 has 268 frames
      Episode episode78 has 254 frames
      Episode episode79 has 283 frames
      Episode episode80 has 276 frames
      Episode episode81 has 261 frames
      Episode episode82 has 278 frames
      Episode episode83 has 264 frames
      Episode episode84 has 268 frames
      Episode episode85 has 266 frames
      Episode episode86 has 288 frames
      Episode episode87 has 287 frames
      Episode episode88 has 285 frames
      Episode episode89 has 281 frames
    Found 90 episodes, 20451 valid starting frames.
Dataset loaded. Total valid starting frames (length): 47236
Setting up validation dataset (episodes 90 to end/max)
Loading dataset from: ./data2
Filtering episodes: start=90, end=100
  Processing task: block_hammer_beat_D435
    Found 10 episodes in range for task 'block_hammer_beat_D435'.
      Episode episode90 has 132 frames
      Episode episode91 has 132 frames
      Episode episode92 has 130 frames
      Episode episode93 has 146 frames
      Episode episode94 has 150 frames
      Episode episode95 has 136 frames
      Episode episode96 has 129 frames
      Episode episode97 has 128 frames
      Episode episode98 has 134 frames
      Episode episode99 has 150 frames
    Found 10 episodes, 867 valid starting frames.
  Processing task: block_handover_D435
    Found 10 episodes in range for task 'block_handover_D435'.
      Episode episode90 has 265 frames
      Episode episode91 has 263 frames
      Episode episode92 has 266 frames
      Episode episode93 has 251 frames
      Episode episode94 has 254 frames
      Episode episode95 has 265 frames
      Episode episode96 has 266 frames
      Episode episode97 has 259 frames
      Episode episode98 has 257 frames
      Episode episode99 has 262 frames
    Found 10 episodes, 2108 valid starting frames.
  Processing task: blocks_stack_easy_D435
    Found 10 episodes in range for task 'blocks_stack_easy_D435'.
      Episode episode90 has 275 frames
      Episode episode91 has 273 frames
      Episode episode92 has 279 frames
      Episode episode93 has 274 frames
      Episode episode94 has 287 frames
      Episode episode95 has 272 frames
      Episode episode96 has 267 frames
      Episode episode97 has 291 frames
      Episode episode98 has 265 frames
      Episode episode99 has 264 frames
    Found 10 episodes, 2247 valid starting frames.
Dataset loaded. Total valid starting frames (length): 5222
Train dataset size: 47236
Validation dataset size: 5222
Setting up train dataset (episodes 0 to 89)
Loading dataset from: ./data2
Filtering episodes: start=0, end=90
  Processing task: block_hammer_beat_D435
    Found 90 episodes in range for task 'block_hammer_beat_D435'.
      Episode episode0 has 133 frames
      Episode episode1 has 145 frames
      Episode episode2 has 144 frames
      Episode episode3 has 148 frames
      Episode episode4 has 135 frames
      Episode episode5 has 147 frames
      Episode episode6 has 137 frames
      Episode episode7 has 146 frames
      Episode episode8 has 135 frames
      Episode episode9 has 149 frames
      Episode episode10 has 137 frames
      Episode episode11 has 150 frames
      Episode episode12 has 144 frames
      Episode episode13 has 133 frames
      Episode episode14 has 130 frames
      Episode episode15 has 136 frames
      Episode episode16 has 143 frames
      Episode episode17 has 139 frames
      Episode episode18 has 126 frames
      Episode episode19 has 149 frames
      Episode episode20 has 139 frames
      Episode episode21 has 149 frames
      Episode episode22 has 143 frames
      Episode episode23 has 145 frames
      Episode episode24 has 134 frames
      Episode episode25 has 131 frames
      Episode episode26 has 138 frames
      Episode episode27 has 136 frames
      Episode episode28 has 129 frames
      Episode episode29 has 135 frames
      Episode episode30 has 123 frames
      Episode episode31 has 156 frames
      Episode episode32 has 135 frames
      Episode episode33 has 145 frames
      Episode episode34 has 149 frames
      Episode episode35 has 124 frames
      Episode episode36 has 129 frames
      Episode episode37 has 135 frames
      Episode episode38 has 193 frames
      Episode episode39 has 136 frames
      Episode episode40 has 129 frames
      Episode episode41 has 147 frames
      Episode episode42 has 146 frames
      Episode episode43 has 136 frames
      Episode episode44 has 137 frames
      Episode episode45 has 129 frames
      Episode episode46 has 150 frames
      Episode episode47 has 152 frames
      Episode episode48 has 141 frames
      Episode episode49 has 151 frames
      Episode episode50 has 133 frames
      Episode episode51 has 138 frames
      Episode episode52 has 132 frames
      Episode episode53 has 130 frames
      Episode episode54 has 150 frames
      Episode episode55 has 139 frames
      Episode episode56 has 150 frames
      Episode episode57 has 137 frames
      Episode episode58 has 139 frames
      Episode episode59 has 143 frames
      Episode episode60 has 135 frames
      Episode episode61 has 148 frames
      Episode episode62 has 141 frames
      Episode episode63 has 137 frames
      Episode episode64 has 149 frames
      Episode episode65 has 149 frames
      Episode episode66 has 149 frames
      Episode episode67 has 147 frames
      Episode episode68 has 144 frames
      Episode episode69 has 133 frames
      Episode episode70 has 145 frames
      Episode episode71 has 145 frames
      Episode episode72 has 126 frames
      Episode episode73 has 145 frames
      Episode episode74 has 146 frames
      Episode episode75 has 145 frames
      Episode episode76 has 134 frames
      Episode episode77 has 151 frames
      Episode episode78 has 132 frames
      Episode episode79 has 144 frames
      Episode episode80 has 137 frames
      Episode episode81 has 140 frames
      Episode episode82 has 143 frames
      Episode episode83 has 149 frames
      Episode episode84 has 124 frames
      Episode episode85 has 146 frames
      Episode episode86 has 126 frames
      Episode episode87 has 144 frames
      Episode episode88 has 150 frames
      Episode episode89 has 144 frames
    Found 90 episodes, 8167 valid starting frames.
  Processing task: block_handover_D435
    Found 90 episodes in range for task 'block_handover_D435'.
      Episode episode0 has 261 frames
      Episode episode1 has 258 frames
      Episode episode2 has 257 frames
      Episode episode3 has 260 frames
      Episode episode4 has 265 frames
      Episode episode5 has 258 frames
      Episode episode6 has 264 frames
      Episode episode7 has 252 frames
      Episode episode8 has 266 frames
      Episode episode9 has 249 frames
      Episode episode10 has 257 frames
      Episode episode11 has 248 frames
      Episode episode12 has 253 frames
      Episode episode13 has 263 frames
      Episode episode14 has 259 frames
      Episode episode15 has 261 frames
      Episode episode16 has 255 frames
      Episode episode17 has 256 frames
      Episode episode18 has 259 frames
      Episode episode19 has 256 frames
      Episode episode20 has 261 frames
      Episode episode21 has 248 frames
      Episode episode22 has 255 frames
      Episode episode23 has 262 frames
      Episode episode24 has 264 frames
      Episode episode25 has 263 frames
      Episode episode26 has 254 frames
      Episode episode27 has 260 frames
      Episode episode28 has 265 frames
      Episode episode29 has 262 frames
      Episode episode30 has 261 frames
      Episode episode31 has 257 frames
      Episode episode32 has 262 frames
      Episode episode33 has 254 frames
      Episode episode34 has 252 frames
      Episode episode35 has 256 frames
      Episode episode36 has 264 frames
      Episode episode37 has 267 frames
      Episode episode38 has 260 frames
      Episode episode39 has 262 frames
      Episode episode40 has 252 frames
      Episode episode41 has 250 frames
      Episode episode42 has 260 frames
      Episode episode43 has 250 frames
      Episode episode44 has 258 frames
      Episode episode45 has 265 frames
      Episode episode46 has 262 frames
      Episode episode47 has 254 frames
      Episode episode48 has 253 frames
      Episode episode49 has 253 frames
      Episode episode50 has 258 frames
      Episode episode51 has 253 frames
      Episode episode52 has 265 frames
      Episode episode53 has 256 frames
      Episode episode54 has 257 frames
      Episode episode55 has 261 frames
      Episode episode56 has 249 frames
      Episode episode57 has 252 frames
      Episode episode58 has 262 frames
      Episode episode59 has 245 frames
      Episode episode60 has 262 frames
      Episode episode61 has 252 frames
      Episode episode62 has 256 frames
      Episode episode63 has 259 frames
      Episode episode64 has 248 frames
      Episode episode65 has 245 frames
      Episode episode66 has 261 frames
      Episode episode67 has 251 frames
      Episode episode68 has 265 frames
      Episode episode69 has 245 frames
      Episode episode70 has 252 frames
      Episode episode71 has 262 frames
      Episode episode72 has 254 frames
      Episode episode73 has 255 frames
      Episode episode74 has 259 frames
      Episode episode75 has 261 frames
      Episode episode76 has 251 frames
      Episode episode77 has 256 frames
      Episode episode78 has 262 frames
      Episode episode79 has 250 frames
      Episode episode80 has 253 frames
      Episode episode81 has 253 frames
      Episode episode82 has 252 frames
      Episode episode83 has 260 frames
      Episode episode84 has 250 frames
      Episode episode85 has 263 frames
      Episode episode86 has 261 frames
      Episode episode87 has 259 frames
      Episode episode88 has 248 frames
      Episode episode89 has 252 frames
    Found 90 episodes, 18618 valid starting frames.
  Processing task: blocks_stack_easy_D435
    Found 90 episodes in range for task 'blocks_stack_easy_D435'.
      Episode episode0 has 248 frames
      Episode episode1 has 284 frames
      Episode episode2 has 288 frames
      Episode episode3 has 283 frames
      Episode episode4 has 264 frames
      Episode episode5 has 286 frames
      Episode episode6 has 270 frames
      Episode episode7 has 291 frames
      Episode episode8 has 295 frames
      Episode episode9 has 280 frames
      Episode episode10 has 275 frames
      Episode episode11 has 264 frames
      Episode episode12 has 291 frames
      Episode episode13 has 273 frames
      Episode episode14 has 282 frames
      Episode episode15 has 272 frames
      Episode episode16 has 285 frames
      Episode episode17 has 278 frames
      Episode episode18 has 279 frames
      Episode episode19 has 286 frames
      Episode episode20 has 281 frames
      Episode episode21 has 285 frames
      Episode episode22 has 285 frames
      Episode episode23 has 291 frames
      Episode episode24 has 273 frames
      Episode episode25 has 271 frames
      Episode episode26 has 281 frames
      Episode episode27 has 290 frames
      Episode episode28 has 298 frames
      Episode episode29 has 250 frames
      Episode episode30 has 260 frames
      Episode episode31 has 286 frames
      Episode episode32 has 274 frames
      Episode episode33 has 286 frames
      Episode episode34 has 280 frames
      Episode episode35 has 273 frames
      Episode episode36 has 280 frames
      Episode episode37 has 275 frames
      Episode episode38 has 288 frames
      Episode episode39 has 267 frames
      Episode episode40 has 284 frames
      Episode episode41 has 278 frames
      Episode episode42 has 284 frames
      Episode episode43 has 275 frames
      Episode episode44 has 270 frames
      Episode episode45 has 280 frames
      Episode episode46 has 282 frames
      Episode episode47 has 293 frames
      Episode episode48 has 278 frames
      Episode episode49 has 283 frames
      Episode episode50 has 282 frames
      Episode episode51 has 268 frames
      Episode episode52 has 274 frames
      Episode episode53 has 281 frames
      Episode episode54 has 294 frames
      Episode episode55 has 256 frames
      Episode episode56 has 283 frames
      Episode episode57 has 269 frames
      Episode episode58 has 262 frames
      Episode episode59 has 266 frames
      Episode episode60 has 260 frames
      Episode episode61 has 281 frames
      Episode episode62 has 275 frames
      Episode episode63 has 289 frames
      Episode episode64 has 263 frames
      Episode episode65 has 275 frames
      Episode episode66 has 272 frames
      Episode episode67 has 255 frames
      Episode episode68 has 289 frames
      Episode episode69 has 280 frames
      Episode episode70 has 288 frames
      Episode episode71 has 292 frames
      Episode episode72 has 293 frames
      Episode episode73 has 287 frames
      Episode episode74 has 248 frames
      Episode episode75 has 269 frames
      Episode episode76 has 286 frames
      Episode episode77 has 268 frames
      Episode episode78 has 254 frames
      Episode episode79 has 283 frames
      Episode episode80 has 276 frames
      Episode episode81 has 261 frames
      Episode episode82 has 278 frames
      Episode episode83 has 264 frames
      Episode episode84 has 268 frames
      Episode episode85 has 266 frames
      Episode episode86 has 288 frames
      Episode episode87 has 287 frames
      Episode episode88 has 285 frames
      Episode episode89 has 281 frames
    Found 90 episodes, 20451 valid starting frames.
Dataset loaded. Total valid starting frames (length): 47236
Setting up validation dataset (episodes 90 to end/max)
Loading dataset from: ./data2
Filtering episodes: start=90, end=100
  Processing task: block_hammer_beat_D435
    Found 10 episodes in range for task 'block_hammer_beat_D435'.
      Episode episode90 has 132 frames
      Episode episode91 has 132 frames
      Episode episode92 has 130 frames
      Episode episode93 has 146 frames
      Episode episode94 has 150 frames
      Episode episode95 has 136 frames
      Episode episode96 has 129 frames
      Episode episode97 has 128 frames
      Episode episode98 has 134 frames
      Episode episode99 has 150 frames
    Found 10 episodes, 867 valid starting frames.
  Processing task: block_handover_D435
    Found 10 episodes in range for task 'block_handover_D435'.
      Episode episode90 has 265 frames
      Episode episode91 has 263 frames
      Episode episode92 has 266 frames
      Episode episode93 has 251 frames
      Episode episode94 has 254 frames
      Episode episode95 has 265 frames
      Episode episode96 has 266 frames
      Episode episode97 has 259 frames
      Episode episode98 has 257 frames
      Episode episode99 has 262 frames
    Found 10 episodes, 2108 valid starting frames.
  Processing task: blocks_stack_easy_D435
    Found 10 episodes in range for task 'blocks_stack_easy_D435'.
      Episode episode90 has 275 frames
      Episode episode91 has 273 frames
      Episode episode92 has 279 frames
      Episode episode93 has 274 frames
      Episode episode94 has 287 frames
      Episode episode95 has 272 frames
      Episode episode96 has 267 frames
      Episode episode97 has 291 frames
      Episode episode98 has 265 frames
      Episode episode99 has 264 frames
    Found 10 episodes, 2247 valid starting frames.
Dataset loaded. Total valid starting frames (length): 5222
Train dataset size: 47236
Validation dataset size: 5222
Validation sanity check: 0it [00:00, ?it/s]Validation sanity check:   0%|          | 0/2 [00:00<?, ?it/s]Validation sanity check:  50%|     | 1/2 [00:05<00:05,  5.78s/it]Validation sanity check: 100%|| 2/2 [00:06<00:00,  2.96s/it]                                                                      Training: -1it [00:00, ?it/s]Training:   0%|          | 0/3410 [00:00<00:00, 9799.78it/s]Epoch 0:   0%|          | 0/3410 [00:00<00:02, 1352.13it/s] [1;34mwandb[0m: 
[1;34mwandb[0m:  View run [33mrun-output-2-10-instruct-pix2pix[0m at: [34mhttps://wandb.ai/nitrous-dev/instruct-pix2pix-robotwin/runs/c7ua21sk[0m
Setting up train dataset (episodes 0 to 89)
Loading dataset from: ./data2
Filtering episodes: start=0, end=90
  Processing task: block_hammer_beat_D435
    Found 90 episodes in range for task 'block_hammer_beat_D435'.
      Episode episode0 has 133 frames
      Episode episode1 has 145 frames
      Episode episode2 has 144 frames
      Episode episode3 has 148 frames
      Episode episode4 has 135 frames
      Episode episode5 has 147 frames
      Episode episode6 has 137 frames
      Episode episode7 has 146 frames
      Episode episode8 has 135 frames
      Episode episode9 has 149 frames
      Episode episode10 has 137 frames
      Episode episode11 has 150 frames
      Episode episode12 has 144 frames
      Episode episode13 has 133 frames
      Episode episode14 has 130 frames
      Episode episode15 has 136 frames
      Episode episode16 has 143 frames
      Episode episode17 has 139 frames
      Episode episode18 has 126 frames
      Episode episode19 has 149 frames
      Episode episode20 has 139 frames
      Episode episode21 has 149 frames
      Episode episode22 has 143 frames
      Episode episode23 has 145 frames
      Episode episode24 has 134 frames
      Episode episode25 has 131 frames
      Episode episode26 has 138 frames
      Episode episode27 has 136 frames
      Episode episode28 has 129 frames
      Episode episode29 has 135 frames
      Episode episode30 has 123 frames
      Episode episode31 has 156 frames
      Episode episode32 has 135 frames
      Episode episode33 has 145 frames
      Episode episode34 has 149 frames
      Episode episode35 has 124 frames
      Episode episode36 has 129 frames
      Episode episode37 has 135 frames
      Episode episode38 has 193 frames
      Episode episode39 has 136 frames
      Episode episode40 has 129 frames
      Episode episode41 has 147 frames
      Episode episode42 has 146 frames
      Episode episode43 has 136 frames
      Episode episode44 has 137 frames
      Episode episode45 has 129 frames
      Episode episode46 has 150 frames
      Episode episode47 has 152 frames
      Episode episode48 has 141 frames
      Episode episode49 has 151 frames
      Episode episode50 has 133 frames
      Episode episode51 has 138 frames
      Episode episode52 has 132 frames
      Episode episode53 has 130 frames
      Episode episode54 has 150 frames
      Episode episode55 has 139 frames
      Episode episode56 has 150 frames
      Episode episode57 has 137 frames
      Episode episode58 has 139 frames
      Episode episode59 has 143 frames
      Episode episode60 has 135 frames
      Episode episode61 has 148 frames
      Episode episode62 has 141 frames
      Episode episode63 has 137 frames
      Episode episode64 has 149 frames
      Episode episode65 has 149 frames
      Episode episode66 has 149 frames
      Episode episode67 has 147 frames
      Episode episode68 has 144 frames
      Episode episode69 has 133 frames
      Episode episode70 has 145 frames
      Episode episode71 has 145 frames
      Episode episode72 has 126 frames
      Episode episode73 has 145 frames
      Episode episode74 has 146 frames
      Episode episode75 has 145 frames
      Episode episode76 has 134 frames
      Episode episode77 has 151 frames
      Episode episode78 has 132 frames
      Episode episode79 has 144 frames
      Episode episode80 has 137 frames
      Episode episode81 has 140 frames
      Episode episode82 has 143 frames
      Episode episode83 has 149 frames
      Episode episode84 has 124 frames
      Episode episode85 has 146 frames
      Episode episode86 has 126 frames
      Episode episode87 has 144 frames
      Episode episode88 has 150 frames
      Episode episode89 has 144 frames
    Found 90 episodes, 8167 valid starting frames.
  Processing task: block_handover_D435
    Found 90 episodes in range for task 'block_handover_D435'.
      Episode episode0 has 261 frames
      Episode episode1 has 258 frames
      Episode episode2 has 257 frames
      Episode episode3 has 260 frames
      Episode episode4 has 265 frames
      Episode episode5 has 258 frames
      Episode episode6 has 264 frames
      Episode episode7 has 252 frames
      Episode episode8 has 266 frames
      Episode episode9 has 249 frames
      Episode episode10 has 257 frames
      Episode episode11 has 248 frames
      Episode episode12 has 253 frames
      Episode episode13 has 263 frames
      Episode episode14 has 259 frames
      Episode episode15 has 261 frames
      Episode episode16 has 255 frames
      Episode episode17 has 256 frames
      Episode episode18 has 259 frames
      Episode episode19 has 256 frames
      Episode episode20 has 261 frames
      Episode episode21 has 248 frames
      Episode episode22 has 255 frames
      Episode episode23 has 262 frames
      Episode episode24 has 264 frames
      Episode episode25 has 263 frames
      Episode episode26 has 254 frames
      Episode episode27 has 260 frames
      Episode episode28 has 265 frames
      Episode episode29 has 262 frames
      Episode episode30 has 261 frames
      Episode episode31 has 257 frames
      Episode episode32 has 262 frames
      Episode episode33 has 254 frames
      Episode episode34 has 252 frames
      Episode episode35 has 256 frames
      Episode episode36 has 264 frames
      Episode episode37 has 267 frames
      Episode episode38 has 260 frames
      Episode episode39 has 262 frames
      Episode episode40 has 252 frames
      Episode episode41 has 250 frames
      Episode episode42 has 260 frames
      Episode episode43 has 250 frames
      Episode episode44 has 258 frames
      Episode episode45 has 265 frames
      Episode episode46 has 262 frames
      Episode episode47 has 254 frames
      Episode episode48 has 253 frames
      Episode episode49 has 253 frames
      Episode episode50 has 258 frames
      Episode episode51 has 253 frames
      Episode episode52 has 265 frames
      Episode episode53 has 256 frames
      Episode episode54 has 257 frames
      Episode episode55 has 261 frames
      Episode episode56 has 249 frames
      Episode episode57 has 252 frames
      Episode episode58 has 262 frames
      Episode episode59 has 245 frames
      Episode episode60 has 262 frames
      Episode episode61 has 252 frames
      Episode episode62 has 256 frames
      Episode episode63 has 259 frames
      Episode episode64 has 248 frames
      Episode episode65 has 245 frames
      Episode episode66 has 261 frames
      Episode episode67 has 251 frames
      Episode episode68 has 265 frames
      Episode episode69 has 245 frames
      Episode episode70 has 252 frames
      Episode episode71 has 262 frames
      Episode episode72 has 254 frames
      Episode episode73 has 255 frames
      Episode episode74 has 259 frames
      Episode episode75 has 261 frames
      Episode episode76 has 251 frames
      Episode episode77 has 256 frames
      Episode episode78 has 262 frames
      Episode episode79 has 250 frames
      Episode episode80 has 253 frames
      Episode episode81 has 253 frames
      Episode episode82 has 252 frames
      Episode episode83 has 260 frames
      Episode episode84 has 250 frames
      Episode episode85 has 263 frames
      Episode episode86 has 261 frames
      Episode episode87 has 259 frames
      Episode episode88 has 248 frames
      Episode episode89 has 252 frames
    Found 90 episodes, 18618 valid starting frames.
  Processing task: blocks_stack_easy_D435
    Found 90 episodes in range for task 'blocks_stack_easy_D435'.
      Episode episode0 has 248 frames
      Episode episode1 has 284 frames
      Episode episode2 has 288 frames
      Episode episode3 has 283 frames
      Episode episode4 has 264 frames
      Episode episode5 has 286 frames
      Episode episode6 has 270 frames
      Episode episode7 has 291 frames
      Episode episode8 has 295 frames
      Episode episode9 has 280 frames
      Episode episode10 has 275 frames
      Episode episode11 has 264 frames
      Episode episode12 has 291 frames
      Episode episode13 has 273 frames
      Episode episode14 has 282 frames
      Episode episode15 has 272 frames
      Episode episode16 has 285 frames
      Episode episode17 has 278 frames
      Episode episode18 has 279 frames
      Episode episode19 has 286 frames
      Episode episode20 has 281 frames
      Episode episode21 has 285 frames
      Episode episode22 has 285 frames
      Episode episode23 has 291 frames
      Episode episode24 has 273 frames
      Episode episode25 has 271 frames
      Episode episode26 has 281 frames
      Episode episode27 has 290 frames
      Episode episode28 has 298 frames
      Episode episode29 has 250 frames
      Episode episode30 has 260 frames
      Episode episode31 has 286 frames
      Episode episode32 has 274 frames
      Episode episode33 has 286 frames
      Episode episode34 has 280 frames
      Episode episode35 has 273 frames
      Episode episode36 has 280 frames
      Episode episode37 has 275 frames
      Episode episode38 has 288 frames
      Episode episode39 has 267 frames
      Episode episode40 has 284 frames
      Episode episode41 has 278 frames
      Episode episode42 has 284 frames
      Episode episode43 has 275 frames
      Episode episode44 has 270 frames
      Episode episode45 has 280 frames
      Episode episode46 has 282 frames
      Episode episode47 has 293 frames
      Episode episode48 has 278 frames
      Episode episode49 has 283 frames
      Episode episode50 has 282 frames
      Episode episode51 has 268 frames
      Episode episode52 has 274 frames
      Episode episode53 has 281 frames
      Episode episode54 has 294 frames
      Episode episode55 has 256 frames
      Episode episode56 has 283 frames
      Episode episode57 has 269 frames
      Episode episode58 has 262 frames
      Episode episode59 has 266 frames
      Episode episode60 has 260 frames
      Episode episode61 has 281 frames
      Episode episode62 has 275 frames
      Episode episode63 has 289 frames
      Episode episode64 has 263 frames
      Episode episode65 has 275 frames
      Episode episode66 has 272 frames
      Episode episode67 has 255 frames
      Episode episode68 has 289 frames
      Episode episode69 has 280 frames
      Episode episode70 has 288 frames
      Episode episode71 has 292 frames
      Episode episode72 has 293 frames
      Episode episode73 has 287 frames
      Episode episode74 has 248 frames
      Episode episode75 has 269 frames
      Episode episode76 has 286 frames
      Episode episode77 has 268 frames
      Episode episode78 has 254 frames
      Episode episode79 has 283 frames
      Episode episode80 has 276 frames
      Episode episode81 has 261 frames
      Episode episode82 has 278 frames
      Episode episode83 has 264 frames
      Episode episode84 has 268 frames
      Episode episode85 has 266 frames
      Episode episode86 has 288 frames
      Episode episode87 has 287 frames
      Episode episode88 has 285 frames
      Episode episode89 has 281 frames
    Found 90 episodes, 20451 valid starting frames.
Dataset loaded. Total valid starting frames (length): 47236
Setting up validation dataset (episodes 90 to end/max)
Loading dataset from: ./data2
Filtering episodes: start=90, end=100
  Processing task: block_hammer_beat_D435
    Found 10 episodes in range for task 'block_hammer_beat_D435'.
      Episode episode90 has 132 frames
      Episode episode91 has 132 frames
      Episode episode92 has 130 frames
      Episode episode93 has 146 frames
      Episode episode94 has 150 frames
      Episode episode95 has 136 frames
      Episode episode96 has 129 frames
      Episode episode97 has 128 frames
      Episode episode98 has 134 frames
      Episode episode99 has 150 frames
    Found 10 episodes, 867 valid starting frames.
  Processing task: block_handover_D435
    Found 10 episodes in range for task 'block_handover_D435'.
      Episode episode90 has 265 frames
      Episode episode91 has 263 frames
      Episode episode92 has 266 frames
      Episode episode93 has 251 frames
      Episode episode94 has 254 frames
      Episode episode95 has 265 frames
      Episode episode96 has 266 frames
      Episode episode97 has 259 frames
      Episode episode98 has 257 frames
      Episode episode99 has 262 frames
    Found 10 episodes, 2108 valid starting frames.
  Processing task: blocks_stack_easy_D435
    Found 10 episodes in range for task 'blocks_stack_easy_D435'.
      Episode episode90 has 275 frames
      Episode episode91 has 273 frames
      Episode episode92 has 279 frames
      Episode episode93 has 274 frames
      Episode episode94 has 287 frames
      Episode episode95 has 272 frames
      Episode episode96 has 267 frames
      Episode episode97 has 291 frames
      Episode episode98 has 265 frames
      Episode episode99 has 264 frames
    Found 10 episodes, 2247 valid starting frames.
Dataset loaded. Total valid starting frames (length): 5222
Train dataset size: 47236
Validation dataset size: 5222
Validation sanity check: 0it [00:00, ?it/s]Validation sanity check:   0%|          | 0/2 [00:00<?, ?it/s]Validation sanity check:  50%|     | 1/2 [00:03<00:03,  3.55s/it]Validation sanity check: 100%|| 2/2 [00:04<00:00,  1.77s/it]                                                                      Training: -1it [00:00, ?it/s]Training:   0%|          | 0/9431 [00:00<00:01, 9320.68it/s]Epoch 0:   0%|          | 0/9431 [00:00<00:08, 1090.85it/s] [1;34mwandb[0m: 
[1;34mwandb[0m:  View run [33mrun-output-2-10-instruct-pix2pix[0m at: [34mhttps://wandb.ai/nitrous-dev/instruct-pix2pix-robotwin/runs/bdr728tc[0m
Setting up train dataset (episodes 0 to 89)
Loading dataset from: ./data2
Filtering episodes: start=0, end=90
  Processing task: block_hammer_beat_D435
    Found 90 episodes in range for task 'block_hammer_beat_D435'.
      Episode episode0 has 133 frames
      Episode episode1 has 145 frames
      Episode episode2 has 144 frames
      Episode episode3 has 148 frames
      Episode episode4 has 135 frames
      Episode episode5 has 147 frames
      Episode episode6 has 137 frames
      Episode episode7 has 146 frames
      Episode episode8 has 135 frames
      Episode episode9 has 149 frames
      Episode episode10 has 137 frames
      Episode episode11 has 150 frames
      Episode episode12 has 144 frames
      Episode episode13 has 133 frames
      Episode episode14 has 130 frames
      Episode episode15 has 136 frames
      Episode episode16 has 143 frames
      Episode episode17 has 139 frames
      Episode episode18 has 126 frames
      Episode episode19 has 149 frames
      Episode episode20 has 139 frames
      Episode episode21 has 149 frames
      Episode episode22 has 143 frames
      Episode episode23 has 145 frames
      Episode episode24 has 134 frames
      Episode episode25 has 131 frames
      Episode episode26 has 138 frames
      Episode episode27 has 136 frames
      Episode episode28 has 129 frames
      Episode episode29 has 135 frames
      Episode episode30 has 123 frames
      Episode episode31 has 156 frames
      Episode episode32 has 135 frames
      Episode episode33 has 145 frames
      Episode episode34 has 149 frames
      Episode episode35 has 124 frames
      Episode episode36 has 129 frames
      Episode episode37 has 135 frames
      Episode episode38 has 193 frames
      Episode episode39 has 136 frames
      Episode episode40 has 129 frames
      Episode episode41 has 147 frames
      Episode episode42 has 146 frames
      Episode episode43 has 136 frames
      Episode episode44 has 137 frames
      Episode episode45 has 129 frames
      Episode episode46 has 150 frames
      Episode episode47 has 152 frames
      Episode episode48 has 141 frames
      Episode episode49 has 151 frames
      Episode episode50 has 133 frames
      Episode episode51 has 138 frames
      Episode episode52 has 132 frames
      Episode episode53 has 130 frames
      Episode episode54 has 150 frames
      Episode episode55 has 139 frames
      Episode episode56 has 150 frames
      Episode episode57 has 137 frames
      Episode episode58 has 139 frames
      Episode episode59 has 143 frames
      Episode episode60 has 135 frames
      Episode episode61 has 148 frames
      Episode episode62 has 141 frames
      Episode episode63 has 137 frames
      Episode episode64 has 149 frames
      Episode episode65 has 149 frames
      Episode episode66 has 149 frames
      Episode episode67 has 147 frames
      Episode episode68 has 144 frames
      Episode episode69 has 133 frames
      Episode episode70 has 145 frames
      Episode episode71 has 145 frames
      Episode episode72 has 126 frames
      Episode episode73 has 145 frames
      Episode episode74 has 146 frames
      Episode episode75 has 145 frames
      Episode episode76 has 134 frames
      Episode episode77 has 151 frames
      Episode episode78 has 132 frames
      Episode episode79 has 144 frames
      Episode episode80 has 137 frames
      Episode episode81 has 140 frames
      Episode episode82 has 143 frames
      Episode episode83 has 149 frames
      Episode episode84 has 124 frames
      Episode episode85 has 146 frames
      Episode episode86 has 126 frames
      Episode episode87 has 144 frames
      Episode episode88 has 150 frames
      Episode episode89 has 144 frames
    Found 90 episodes, 8167 valid starting frames.
  Processing task: block_handover_D435
    Found 90 episodes in range for task 'block_handover_D435'.
      Episode episode0 has 261 frames
      Episode episode1 has 258 frames
      Episode episode2 has 257 frames
      Episode episode3 has 260 frames
      Episode episode4 has 265 frames
      Episode episode5 has 258 frames
      Episode episode6 has 264 frames
      Episode episode7 has 252 frames
      Episode episode8 has 266 frames
      Episode episode9 has 249 frames
      Episode episode10 has 257 frames
      Episode episode11 has 248 frames
      Episode episode12 has 253 frames
      Episode episode13 has 263 frames
      Episode episode14 has 259 frames
      Episode episode15 has 261 frames
      Episode episode16 has 255 frames
      Episode episode17 has 256 frames
      Episode episode18 has 259 frames
      Episode episode19 has 256 frames
      Episode episode20 has 261 frames
      Episode episode21 has 248 frames
      Episode episode22 has 255 frames
      Episode episode23 has 262 frames
      Episode episode24 has 264 frames
      Episode episode25 has 263 frames
      Episode episode26 has 254 frames
      Episode episode27 has 260 frames
      Episode episode28 has 265 frames
      Episode episode29 has 262 frames
      Episode episode30 has 261 frames
      Episode episode31 has 257 frames
      Episode episode32 has 262 frames
      Episode episode33 has 254 frames
      Episode episode34 has 252 frames
      Episode episode35 has 256 frames
      Episode episode36 has 264 frames
      Episode episode37 has 267 frames
      Episode episode38 has 260 frames
      Episode episode39 has 262 frames
      Episode episode40 has 252 frames
      Episode episode41 has 250 frames
      Episode episode42 has 260 frames
      Episode episode43 has 250 frames
      Episode episode44 has 258 frames
      Episode episode45 has 265 frames
      Episode episode46 has 262 frames
      Episode episode47 has 254 frames
      Episode episode48 has 253 frames
      Episode episode49 has 253 frames
      Episode episode50 has 258 frames
      Episode episode51 has 253 frames
      Episode episode52 has 265 frames
      Episode episode53 has 256 frames
      Episode episode54 has 257 frames
      Episode episode55 has 261 frames
      Episode episode56 has 249 frames
      Episode episode57 has 252 frames
      Episode episode58 has 262 frames
      Episode episode59 has 245 frames
      Episode episode60 has 262 frames
      Episode episode61 has 252 frames
      Episode episode62 has 256 frames
      Episode episode63 has 259 frames
      Episode episode64 has 248 frames
      Episode episode65 has 245 frames
      Episode episode66 has 261 frames
      Episode episode67 has 251 frames
      Episode episode68 has 265 frames
      Episode episode69 has 245 frames
      Episode episode70 has 252 frames
      Episode episode71 has 262 frames
      Episode episode72 has 254 frames
      Episode episode73 has 255 frames
      Episode episode74 has 259 frames
      Episode episode75 has 261 frames
      Episode episode76 has 251 frames
      Episode episode77 has 256 frames
      Episode episode78 has 262 frames
      Episode episode79 has 250 frames
      Episode episode80 has 253 frames
      Episode episode81 has 253 frames
      Episode episode82 has 252 frames
      Episode episode83 has 260 frames
      Episode episode84 has 250 frames
      Episode episode85 has 263 frames
      Episode episode86 has 261 frames
      Episode episode87 has 259 frames
      Episode episode88 has 248 frames
      Episode episode89 has 252 frames
    Found 90 episodes, 18618 valid starting frames.
  Processing task: blocks_stack_easy_D435
    Found 90 episodes in range for task 'blocks_stack_easy_D435'.
      Episode episode0 has 248 frames
      Episode episode1 has 284 frames
      Episode episode2 has 288 frames
      Episode episode3 has 283 frames
      Episode episode4 has 264 frames
      Episode episode5 has 286 frames
      Episode episode6 has 270 frames
      Episode episode7 has 291 frames
      Episode episode8 has 295 frames
      Episode episode9 has 280 frames
      Episode episode10 has 275 frames
      Episode episode11 has 264 frames
      Episode episode12 has 291 frames
      Episode episode13 has 273 frames
      Episode episode14 has 282 frames
      Episode episode15 has 272 frames
      Episode episode16 has 285 frames
      Episode episode17 has 278 frames
      Episode episode18 has 279 frames
      Episode episode19 has 286 frames
      Episode episode20 has 281 frames
      Episode episode21 has 285 frames
      Episode episode22 has 285 frames
      Episode episode23 has 291 frames
      Episode episode24 has 273 frames
      Episode episode25 has 271 frames
      Episode episode26 has 281 frames
      Episode episode27 has 290 frames
      Episode episode28 has 298 frames
      Episode episode29 has 250 frames
      Episode episode30 has 260 frames
      Episode episode31 has 286 frames
      Episode episode32 has 274 frames
      Episode episode33 has 286 frames
      Episode episode34 has 280 frames
      Episode episode35 has 273 frames
      Episode episode36 has 280 frames
      Episode episode37 has 275 frames
      Episode episode38 has 288 frames
      Episode episode39 has 267 frames
      Episode episode40 has 284 frames
      Episode episode41 has 278 frames
      Episode episode42 has 284 frames
      Episode episode43 has 275 frames
      Episode episode44 has 270 frames
      Episode episode45 has 280 frames
      Episode episode46 has 282 frames
      Episode episode47 has 293 frames
      Episode episode48 has 278 frames
      Episode episode49 has 283 frames
      Episode episode50 has 282 frames
      Episode episode51 has 268 frames
      Episode episode52 has 274 frames
      Episode episode53 has 281 frames
      Episode episode54 has 294 frames
      Episode episode55 has 256 frames
      Episode episode56 has 283 frames
      Episode episode57 has 269 frames
      Episode episode58 has 262 frames
      Episode episode59 has 266 frames
      Episode episode60 has 260 frames
      Episode episode61 has 281 frames
      Episode episode62 has 275 frames
      Episode episode63 has 289 frames
      Episode episode64 has 263 frames
      Episode episode65 has 275 frames
      Episode episode66 has 272 frames
      Episode episode67 has 255 frames
      Episode episode68 has 289 frames
      Episode episode69 has 280 frames
      Episode episode70 has 288 frames
      Episode episode71 has 292 frames
      Episode episode72 has 293 frames
      Episode episode73 has 287 frames
      Episode episode74 has 248 frames
      Episode episode75 has 269 frames
      Episode episode76 has 286 frames
      Episode episode77 has 268 frames
      Episode episode78 has 254 frames
      Episode episode79 has 283 frames
      Episode episode80 has 276 frames
      Episode episode81 has 261 frames
      Episode episode82 has 278 frames
      Episode episode83 has 264 frames
      Episode episode84 has 268 frames
      Episode episode85 has 266 frames
      Episode episode86 has 288 frames
      Episode episode87 has 287 frames
      Episode episode88 has 285 frames
      Episode episode89 has 281 frames
    Found 90 episodes, 20451 valid starting frames.
Dataset loaded. Total valid starting frames (length): 47236
Setting up validation dataset (episodes 90 to end/max)
Loading dataset from: ./data2
Filtering episodes: start=90, end=100
  Processing task: block_hammer_beat_D435
    Found 10 episodes in range for task 'block_hammer_beat_D435'.
      Episode episode90 has 132 frames
      Episode episode91 has 132 frames
      Episode episode92 has 130 frames
      Episode episode93 has 146 frames
      Episode episode94 has 150 frames
      Episode episode95 has 136 frames
      Episode episode96 has 129 frames
      Episode episode97 has 128 frames
      Episode episode98 has 134 frames
      Episode episode99 has 150 frames
    Found 10 episodes, 867 valid starting frames.
  Processing task: block_handover_D435
    Found 10 episodes in range for task 'block_handover_D435'.
      Episode episode90 has 265 frames
      Episode episode91 has 263 frames
      Episode episode92 has 266 frames
      Episode episode93 has 251 frames
      Episode episode94 has 254 frames
      Episode episode95 has 265 frames
      Episode episode96 has 266 frames
      Episode episode97 has 259 frames
      Episode episode98 has 257 frames
      Episode episode99 has 262 frames
    Found 10 episodes, 2108 valid starting frames.
  Processing task: blocks_stack_easy_D435
    Found 10 episodes in range for task 'blocks_stack_easy_D435'.
      Episode episode90 has 275 frames
      Episode episode91 has 273 frames
      Episode episode92 has 279 frames
      Episode episode93 has 274 frames
      Episode episode94 has 287 frames
      Episode episode95 has 272 frames
      Episode episode96 has 267 frames
      Episode episode97 has 291 frames
      Episode episode98 has 265 frames
      Episode episode99 has 264 frames
    Found 10 episodes, 2247 valid starting frames.
Dataset loaded. Total valid starting frames (length): 5222
Train dataset size: 47236
Validation dataset size: 5222
Validation sanity check: 0it [00:00, ?it/s]Validation sanity check:   0%|          | 0/2 [00:00<?, ?it/s]Validation sanity check:  50%|     | 1/2 [00:01<00:01,  1.64s/it]Validation sanity check: 100%|| 2/2 [00:01<00:00,  1.33it/s]                                                                      Training: -1it [00:00, ?it/s]Training:   0%|          | 0/538104 [00:00<00:55, 9776.93it/s]Epoch 0:   0%|          | 0/538104 [00:00<07:35, 1181.49it/s] [1;34mwandb[0m: 
[1;34mwandb[0m:  View run [33mrun-output-2-10-instruct-pix2pix[0m at: [34mhttps://wandb.ai/nitrous-dev/instruct-pix2pix-robotwin/runs/v5mbnexh[0m
